The proxy name could not be resolved: 'www.bdlive.co.za'
A column named 'link' already belongs to this DataTable: cannot set a nested table name to the same name.
The remote server returned an error: (404) Not Found.
A column named 'link' already belongs to this DataTable: cannot set a nested table name to the same name.
A column named 'comments' already belongs to this DataTable.
A column named 'link' already belongs to this DataTable: cannot set a nested table name to the same name.
DataBinding: 'System.Data.DataRowView' does not contain a property with the name 'link'.
DataBinding: 'System.Data.DataRowView' does not contain a property with the name 'link'.
The remote server returned an error: (404) Not Found.
The proxy name could not be resolved: 'www.bdlive.co.za'
The proxy name could not be resolved: 'www.bdlive.co.za'
The proxy name could not be resolved: 'www.bdlive.co.za'
The proxy name could not be resolved: 'www.bdlive.co.za'
The operation has timed out
The operation has timed out
The operation has timed out
The operation has timed out
The operation has timed out
The operation has timed out
The proxy name could not be resolved: 'www.bdlive.co.za'
The proxy name could not be resolved: 'www.bdlive.co.za'
